[debug] [2021-09-05T06:21:05.842Z] ----------------------------------------------------------------------
[debug] [2021-09-05T06:21:05.845Z] Command:       C:\Program Files (x86)\nodejs\node.exe C:\Users\ironman\AppData\Roaming\npm\node_modules\firebase-tools\lib\bin\firebase.js init
[debug] [2021-09-05T06:21:05.845Z] CLI Version:   9.17.0
[debug] [2021-09-05T06:21:05.845Z] Platform:      win32
[debug] [2021-09-05T06:21:05.846Z] Node Version:  v14.16.1
[debug] [2021-09-05T06:21:05.857Z] Time:          Sun Sep 05 2021 11:51:05 GMT+0530 (India Standard Time)
[debug] [2021-09-05T06:21:05.857Z] ----------------------------------------------------------------------
[debug] 
[debug] [2021-09-05T06:21:05.867Z] > command requires scopes: ["email","openid","https://www.googleapis.com/auth/cloudplatformprojects.readonly","https://www.googleapis.com/auth/firebase","https://www.googleapis.com/auth/cloud-platform"]
[debug] [2021-09-05T06:21:05.867Z] > authorizing via signed-in user (yes.dhruv@gmail.com)
[info] 
     ######## #### ########  ######## ########     ###     ######  ########
     ##        ##  ##     ## ##       ##     ##  ##   ##  ##       ##
     ######    ##  ########  ######   ########  #########  ######  ######
     ##        ##  ##    ##  ##       ##     ## ##     ##       ## ##
     ##       #### ##     ## ######## ########  ##     ##  ######  ########

You're about to initialize a Firebase project in this directory:

  C:\Users\ironman\Desktop\react\hack

[info] 
=== Project Setup
[info] 
[info] First, let's associate this project directory with a Firebase project.
[info] You can create multiple project aliases by running firebase use --add, 
[info] but for now we'll just set up a default project.
[info] 
[debug] [2021-09-05T06:35:07.947Z] >>> [apiv2][query] GET https://firebase.googleapis.com/v1beta1/projects pageSize=100
[debug] [2021-09-05T06:35:09.077Z] <<< [apiv2][status] GET https://firebase.googleapis.com/v1beta1/projects 200
[debug] [2021-09-05T06:35:09.078Z] <<< [apiv2][body] GET https://firebase.googleapis.com/v1beta1/projects [omitted]
[info] i  Using project slack-clone-94f37 (slack-Clone) 
[info] 
=== Hosting Setup
[info] 
[info] Your public directory is the folder (relative to your project directory) that
[info] will contain Hosting assets to be uploaded with firebase deploy. If you
[info] have a build process for your assets, use your build's output directory.
[info] 
[debug] [2021-09-05T06:36:20.368Z] >>> [apiv2][query] GET https://www.gstatic.com/firebasejs/releases.json [none]
[debug] [2021-09-05T06:36:20.742Z] <<< [apiv2][status] GET https://www.gstatic.com/firebasejs/releases.json 200
[debug] [2021-09-05T06:36:20.743Z] <<< [apiv2][body] GET https://www.gstatic.com/firebasejs/releases.json {"current":{"version":"9.0.1","browserURL":"https://www.gstatic.com/firebasejs/9.0.1/firebase.js","packageURL":"https://www.gstatic.com/firebasejs/9.0.1/firebase.tgz"},"live":{"version":"9.0","browserURL":"https://www.gstatic.com/firebasejs/live/9.0/firebase.js","packageURL":"https://www.gstatic.com/firebasejs/live/9.0/firebase.tgz"},"components":{"analytics":"https://www.gstatic.com/firebasejs/9.0.1/firebase-analytics.js","app":"https://www.gstatic.com/firebasejs/9.0.1/firebase-app.js","app-check":"https://www.gstatic.com/firebasejs/9.0.1/firebase-app-check.js","auth":"https://www.gstatic.com/firebasejs/9.0.1/firebase-auth.js","auth/cordova":"https://www.gstatic.com/firebasejs/9.0.1/firebase-auth/cordova.js","auth/react-native":"https://www.gstatic.com/firebasejs/9.0.1/firebase-auth/react-native.js","functions":"https://www.gstatic.com/firebasejs/9.0.1/firebase-functions.js","firestore":"https://www.gstatic.com/firebasejs/9.0.1/firebase-firestore.js","firestore/lite":"https://www.gstatic.com/firebasejs/9.0.1/firebase-firestore/lite.js","storage":"https://www.gstatic.com/firebasejs/9.0.1/firebase-storage.js","performance":"https://www.gstatic.com/firebasejs/9.0.1/firebase-performance.js","remote-config":"https://www.gstatic.com/firebasejs/9.0.1/firebase-remote-config.js","messaging":"https://www.gstatic.com/firebasejs/9.0.1/firebase-messaging.js","messaging/sw":"https://www.gstatic.com/firebasejs/9.0.1/firebase-messaging/sw.js","database":"https://www.gstatic.com/firebasejs/9.0.1/firebase-database.js","firestore.memory":"https://www.gstatic.com/firebasejs/9.0.1/firebase-firestore.memory.js"}}
[info] +  Wrote build/index.html 
[info] 
[info] i  Detected a .git folder at C:\Users\ironman\Desktop\react\hack 
[info] i  Authorizing with GitHub to upload your service account to a GitHub repository's secrets store. 
[info] 
[info] Visit this URL on this device to log in:
[info] https://github.com/login/oauth/authorize?client_id=89cf50f02ac6aaed3484&state=5583381&redirect_uri=http%3A%2F%2Flocalhost%3A9005&scope=read%3Auser%20repo%20public_repo
[info] 
[info] Waiting for authentication...
[debug] [2021-09-05T06:36:44.056Z] >>> HTTP REQUEST POST https://github.com/login/oauth/access_token  
 {"client_id":"89cf50f02ac6aaed3484","client_secret":"3330d14abc895d9a74d5f17cd7a00711fa2c5bf0","code":"9c7340b6255964f749b2","redirect_uri":"http://localhost:9005","state":"5583381"}
[debug] [2021-09-05T06:36:44.535Z] <<< HTTP RESPONSE 200 {"server":"GitHub.com","date":"Sun, 05 Sep 2021 06:36:44 GMT","content-type":"application/json; charset=utf-8","transfer-encoding":"chunked","vary":"X-PJAX, X-PJAX-Container, Accept-Encoding, Accept, X-Requested-With","permissions-policy":"interest-cohort=()","etag":"W/\"b054bd4cf68d68df39f57f0153545af8\"","cache-control":"max-age=0, private, must-revalidate","strict-transport-security":"max-age=31536000; includeSubdomains; preload","x-frame-options":"deny","x-content-type-options":"nosniff","x-xss-protection":"0","referrer-policy":"origin-when-cross-origin, strict-origin-when-cross-origin","expect-ct":"max-age=2592000, report-uri=\"https://api.github.com/_private/browser/errors\"","content-security-policy":"default-src 'none'; base-uri 'self'; block-all-mixed-content; connect-src 'self' uploads.github.com www.githubstatus.com collector.githubapp.com api.github.com github-cloud.s3.amazonaws.com github-production-repository-file-5c1aeb.s3.amazonaws.com github-production-upload-manifest-file-7fdce7.s3.amazonaws.com github-production-user-asset-6210df.s3.amazonaws.com cdn.optimizely.com logx.optimizely.com/v1/events translator.github.com wss://alive.github.com; font-src github.githubassets.com; form-action 'self' github.com gist.github.com; frame-ancestors 'none'; frame-src render.githubusercontent.com viewscreen.githubusercontent.com; img-src 'self' data: github.githubassets.com identicons.github.com collector.githubapp.com github-cloud.s3.amazonaws.com secured-user-images.githubusercontent.com/ *.githubusercontent.com; manifest-src 'self'; media-src 'none'; script-src github.githubassets.com; style-src 'unsafe-inline' github.githubassets.com; worker-src github.com/socket-worker-7c2abeb0.js gist.github.com/socket-worker-7c2abeb0.js","x-github-request-id":"1E2D:6409:1BA4B:1E91D:6134657C"}
[debug] [2021-09-05T06:36:44.664Z] >>> [apiv2][query] GET https://api.github.com/user [none]
[debug] [2021-09-05T06:36:45.081Z] <<< [apiv2][status] GET https://api.github.com/user 200
[debug] [2021-09-05T06:36:45.081Z] <<< [apiv2][body] GET https://api.github.com/user {"login":"Dhruvkumarsharma","id":51737604,"node_id":"MDQ6VXNlcjUxNzM3NjA0","avatar_url":"https://avatars.githubusercontent.com/u/51737604?v=4","gravatar_id":"","url":"https://api.github.com/users/Dhruvkumarsharma","html_url":"https://github.com/Dhruvkumarsharma","followers_url":"https://api.github.com/users/Dhruvkumarsharma/followers","following_url":"https://api.github.com/users/Dhruvkumarsharma/following{/other_user}","gists_url":"https://api.github.com/users/Dhruvkumarsharma/gists{/gist_id}","starred_url":"https://api.github.com/users/Dhruvkumarsharma/starred{/owner}{/repo}","subscriptions_url":"https://api.github.com/users/Dhruvkumarsharma/subscriptions","organizations_url":"https://api.github.com/users/Dhruvkumarsharma/orgs","repos_url":"https://api.github.com/users/Dhruvkumarsharma/repos","events_url":"https://api.github.com/users/Dhruvkumarsharma/events{/privacy}","received_events_url":"https://api.github.com/users/Dhruvkumarsharma/received_events","type":"User","site_admin":false,"name":"dhruv sharma","company":null,"blog":"","location":null,"email":null,"hireable":null,"bio":null,"twitter_username":null,"public_repos":13,"public_gists":0,"followers":0,"following":2,"created_at":"2019-06-12T07:13:41Z","updated_at":"2021-09-04T05:26:05Z","private_gists":0,"total_private_repos":1,"owned_private_repos":1,"disk_usage":4611,"collaborators":0,"two_factor_authentication":false,"plan":{"name":"free","space":976562499,"collaborators":0,"private_repos":10000}}
[info] 
[info] +  Success! Logged into GitHub as Dhruvkumarsharma 
[info] 
